<?xml version="1.0" encoding="UTF-8"?>
<!-- Generated by org.testng.reporters.JUnitReportReporter -->
<testsuite hostname="DESKTOP-JKPPEN4" name="Pack1.Class2" tests="1" failures="0" timestamp="14 Jun 2020 07:10:50 GMT" time="0.000" errors="0">
  <testcase name="g" time="0.000" classname="Pack1.Class2"/>
</testsuite> <!-- Pack1.Class2 -->
